<?xml version="1.0" encoding="UTF-8"?>
<coverage generated="1754305708873" clover="3.2.0">
  <project timestamp="1754305708873" name="All files">
    <metrics statements="218" coveredstatements="168" conditionals="102" coveredconditionals="73" methods="46" coveredmethods="39" elements="366" coveredelements="280" complexity="0" loc="218" ncloc="218" packages="1" files="3" classes="3"/>
    <file name="agent-manager.ts" path="/Users/agents/Desktop/claude-20x/agents-a2a/.conductor/kinshasa/context-engineering-turso/.conductor/calgary/src/agent-manager.ts">
      <metrics statements="127" coveredstatements="109" conditionals="52" coveredconditionals="36" methods="32" coveredmethods="31"/>
      <line num="7" count="1" type="stmt"/>
      <line num="8" count="1" type="stmt"/>
      <line num="10" count="1" type="stmt"/>
      <line num="12" count="1" type="stmt"/>
      <line num="13" count="18" type="stmt"/>
      <line num="14" count="18" type="stmt"/>
      <line num="15" count="18" type="stmt"/>
      <line num="16" count="18" type="stmt"/>
      <line num="17" count="18" type="stmt"/>
      <line num="18" count="18" type="stmt"/>
      <line num="19" count="18" type="stmt"/>
      <line num="22" count="18" type="stmt"/>
      <line num="23" count="18" type="stmt"/>
      <line num="28" count="114" type="cond" truecount="1" falsecount="0"/>
      <line num="29" count="3" type="stmt"/>
      <line num="32" count="111" type="stmt"/>
      <line num="33" count="111" type="stmt"/>
      <line num="34" count="111" type="stmt"/>
      <line num="37" count="111" type="stmt"/>
      <line num="38" count="4995" type="stmt"/>
      <line num="41" count="111" type="stmt"/>
      <line num="43" count="0" type="stmt"/>
      <line num="44" count="0" type="stmt"/>
      <line num="49" count="1" type="stmt"/>
      <line num="50" count="1" type="stmt"/>
      <line num="51" count="1" type="cond" truecount="1" falsecount="0"/>
      <line num="52" count="1" type="stmt"/>
      <line num="53" count="1" type="stmt"/>
      <line num="56" count="0" type="cond" truecount="0" falsecount="1"/>
      <line num="57" count="0" type="stmt"/>
      <line num="58" count="0" type="stmt"/>
      <line num="61" count="0" type="stmt"/>
      <line num="63" count="0" type="stmt"/>
      <line num="64" count="0" type="stmt"/>
      <line num="69" count="1" type="stmt"/>
      <line num="79" count="1" type="stmt"/>
      <line num="80" count="45" type="stmt"/>
      <line num="81" count="45" type="cond" truecount="1" falsecount="0"/>
      <line num="82" count="45" type="stmt"/>
      <line num="86" count="1" type="stmt"/>
      <line num="90" count="45" type="cond" truecount="1" falsecount="0"/>
      <line num="91" count="5" type="stmt"/>
      <line num="93" count="40" type="cond" truecount="3" falsecount="0"/>
      <line num="94" count="15" type="stmt"/>
      <line num="96" count="25" type="cond" truecount="3" falsecount="0"/>
      <line num="97" count="6" type="stmt"/>
      <line num="99" count="19" type="cond" truecount="4" falsecount="0"/>
      <line num="100" count="4" type="stmt"/>
      <line num="102" count="15" type="cond" truecount="4" falsecount="0"/>
      <line num="103" count="2" type="stmt"/>
      <line num="105" count="13" type="cond" truecount="3" falsecount="0"/>
      <line num="106" count="2" type="stmt"/>
      <line num="108" count="11" type="stmt"/>
      <line num="112" count="1" type="stmt"/>
      <line num="115" count="1" type="stmt"/>
      <line num="116" count="1" type="stmt"/>
      <line num="122" count="1" type="stmt"/>
      <line num="123" count="1" type="cond" truecount="2" falsecount="0"/>
      <line num="127" count="3" type="stmt"/>
      <line num="139" count="109" type="stmt"/>
      <line num="140" count="109" type="cond" truecount="1" falsecount="0"/>
      <line num="141" count="1" type="stmt"/>
      <line num="145" count="108" type="stmt"/>
      <line num="146" count="108" type="stmt"/>
      <line num="147" count="108" type="cond" truecount="0" falsecount="1"/>
      <line num="148" count="0" type="stmt"/>
      <line num="151" count="108" type="stmt"/>
      <line num="161" count="108" type="stmt"/>
      <line num="162" count="108" type="stmt"/>
      <line num="166" count="1" type="stmt"/>
      <line num="167" count="1" type="cond" truecount="1" falsecount="0"/>
      <line num="168" count="1" type="stmt"/>
      <line num="171" count="0" type="stmt"/>
      <line num="175" count="2" type="stmt"/>
      <line num="179" count="2" type="stmt"/>
      <line num="183" count="2" type="stmt"/>
      <line num="184" count="2" type="stmt"/>
      <line num="185" count="2" type="cond" truecount="0" falsecount="1"/>
      <line num="186" count="0" type="stmt"/>
      <line num="189" count="2" type="stmt"/>
      <line num="190" count="2" type="cond" truecount="2" falsecount="1"/>
      <line num="191" count="0" type="stmt"/>
      <line num="194" count="2" type="stmt"/>
      <line num="195" count="1" type="stmt"/>
      <line num="197" count="1" type="stmt"/>
      <line num="205" count="1" type="stmt"/>
      <line num="206" count="1" type="cond" truecount="0" falsecount="1"/>
      <line num="208" count="1" type="stmt"/>
      <line num="209" count="1" type="cond" truecount="2" falsecount="1"/>
      <line num="211" count="1" type="stmt"/>
      <line num="217" count="1" type="stmt"/>
      <line num="218" count="1" type="stmt"/>
      <line num="220" count="1" type="stmt"/>
      <line num="221" count="2" type="stmt"/>
      <line num="222" count="2" type="stmt"/>
      <line num="223" count="16" type="cond" truecount="1" falsecount="1"/>
      <line num="224" count="0" type="stmt"/>
      <line num="225" count="0" type="cond" truecount="0" falsecount="3"/>
      <line num="226" count="0" type="stmt"/>
      <line num="227" count="0" type="stmt"/>
      <line num="230" count="16" type="stmt"/>
      <line num="235" count="1" type="stmt"/>
      <line num="239" count="1" type="stmt"/>
      <line num="240" count="1" type="cond" truecount="0" falsecount="1"/>
      <line num="247" count="1" type="cond" truecount="1" falsecount="1"/>
      <line num="251" count="1" type="stmt"/>
      <line num="260" count="1" type="stmt"/>
      <line num="261" count="1" type="cond" truecount="1" falsecount="1"/>
      <line num="266" count="1" type="stmt"/>
      <line num="272" count="1" type="stmt"/>
      <line num="274" count="1" type="stmt"/>
      <line num="275" count="3" type="cond" truecount="2" falsecount="0"/>
      <line num="276" count="3" type="stmt"/>
      <line num="277" count="3" type="stmt"/>
      <line num="278" count="3" type="stmt"/>
      <line num="281" count="1" type="stmt"/>
      <line num="282" count="1" type="stmt"/>
      <line num="284" count="1" type="stmt"/>
      <line num="288" count="2" type="stmt"/>
      <line num="289" count="2" type="stmt"/>
      <line num="291" count="2" type="stmt"/>
      <line num="292" count="364" type="stmt"/>
      <line num="295" count="2" type="stmt"/>
      <line num="304" count="1" type="cond" truecount="0" falsecount="1"/>
      <line num="305" count="0" type="stmt"/>
      <line num="316" count="1" type="stmt"/>
      <line num="320" count="0" type="stmt"/>
    </file>
    <file name="agent-validator.ts" path="/Users/agents/Desktop/claude-20x/agents-a2a/.conductor/kinshasa/context-engineering-turso/.conductor/calgary/src/agent-validator.ts">
      <metrics statements="47" coveredstatements="23" conditionals="33" coveredconditionals="20" methods="8" coveredmethods="3"/>
      <line num="3" count="1" type="stmt"/>
      <line num="4" count="19" type="stmt"/>
      <line num="7" count="3" type="stmt"/>
      <line num="10" count="3" type="cond" truecount="0" falsecount="1"/>
      <line num="11" count="0" type="stmt"/>
      <line num="14" count="3" type="cond" truecount="1" falsecount="0"/>
      <line num="15" count="2" type="stmt"/>
      <line num="18" count="3" type="cond" truecount="3" falsecount="0"/>
      <line num="19" count="2" type="stmt"/>
      <line num="22" count="3" type="cond" truecount="1" falsecount="0"/>
      <line num="23" count="2" type="stmt"/>
      <line num="27" count="3" type="cond" truecount="2" falsecount="1"/>
      <line num="28" count="0" type="stmt"/>
      <line num="31" count="3" type="cond" truecount="2" falsecount="1"/>
      <line num="32" count="0" type="stmt"/>
      <line num="36" count="3" type="cond" truecount="1" falsecount="0"/>
      <line num="37" count="1" type="cond" truecount="1" falsecount="1"/>
      <line num="38" count="0" type="stmt"/>
      <line num="40" count="1" type="cond" truecount="2" falsecount="1"/>
      <line num="41" count="0" type="stmt"/>
      <line num="43" count="1" type="cond" truecount="2" falsecount="1"/>
      <line num="44" count="0" type="stmt"/>
      <line num="50" count="3" type="cond" truecount="3" falsecount="0"/>
      <line num="51" count="1" type="stmt"/>
      <line num="52" count="1" type="cond" truecount="0" falsecount="1"/>
      <line num="53" count="0" type="stmt"/>
      <line num="59" count="3" type="stmt"/>
      <line num="64" count="3" type="cond" truecount="2" falsecount="1"/>
      <line num="66" count="0" type="stmt"/>
      <line num="69" count="3" type="stmt"/>
      <line num="73" count="1" type="stmt"/>
      <line num="78" count="0" type="stmt"/>
      <line num="79" count="0" type="stmt"/>
      <line num="84" count="0" type="stmt"/>
      <line num="85" count="0" type="stmt"/>
      <line num="89" count="0" type="stmt"/>
      <line num="92" count="0" type="stmt"/>
      <line num="98" count="0" type="stmt"/>
      <line num="99" count="0" type="cond" truecount="0" falsecount="1"/>
      <line num="100" count="0" type="stmt"/>
      <line num="105" count="0" type="stmt"/>
      <line num="106" count="0" type="cond" truecount="0" falsecount="1"/>
      <line num="107" count="0" type="stmt"/>
      <line num="108" count="0" type="stmt"/>
      <line num="109" count="0" type="cond" truecount="0" falsecount="3"/>
      <line num="110" count="0" type="stmt"/>
      <line num="115" count="0" type="stmt"/>
    </file>
    <file name="local-agent-loader.ts" path="/Users/agents/Desktop/claude-20x/agents-a2a/.conductor/kinshasa/context-engineering-turso/.conductor/calgary/src/local-agent-loader.ts">
      <metrics statements="44" coveredstatements="36" conditionals="17" coveredconditionals="17" methods="6" coveredmethods="5"/>
      <line num="2" count="1" type="stmt"/>
      <line num="3" count="1" type="stmt"/>
      <line num="4" count="1" type="stmt"/>
      <line num="7" count="1" type="stmt"/>
      <line num="8" count="18" type="stmt"/>
      <line num="11" count="112" type="stmt"/>
      <line num="13" count="112" type="stmt"/>
      <line num="14" count="112" type="stmt"/>
      <line num="16" count="112" type="stmt"/>
      <line num="17" count="2128" type="stmt"/>
      <line num="18" count="2128" type="stmt"/>
      <line num="20" count="2128" type="cond" truecount="1" falsecount="0"/>
      <line num="21" count="1792" type="stmt"/>
      <line num="23" count="1792" type="stmt"/>
      <line num="24" count="6944" type="cond" truecount="1" falsecount="0"/>
      <line num="25" count="5936" type="stmt"/>
      <line num="26" count="5936" type="stmt"/>
      <line num="27" count="5936" type="cond" truecount="1" falsecount="0"/>
      <line num="28" count="5040" type="stmt"/>
      <line num="35" count="0" type="stmt"/>
      <line num="38" count="112" type="stmt"/>
      <line num="42" count="2" type="stmt"/>
      <line num="44" count="2" type="cond" truecount="1" falsecount="0"/>
      <line num="45" count="1" type="stmt"/>
      <line num="49" count="1" type="stmt"/>
      <line num="50" count="45" type="cond" truecount="2" falsecount="0"/>
      <line num="52" count="0" type="stmt"/>
      <line num="53" count="0" type="stmt"/>
      <line num="58" count="5937" type="stmt"/>
      <line num="59" count="5937" type="stmt"/>
      <line num="60" count="5937" type="stmt"/>
      <line num="62" count="0" type="stmt"/>
      <line num="63" count="0" type="stmt"/>
      <line num="69" count="5937" type="stmt"/>
      <line num="70" count="5937" type="cond" truecount="1" falsecount="0"/>
      <line num="71" count="896" type="stmt"/>
      <line num="74" count="5041" type="stmt"/>
      <line num="75" count="5041" type="stmt"/>
      <line num="76" count="5041" type="stmt"/>
      <line num="79" count="5041" type="stmt"/>
      <line num="81" count="5041" type="stmt"/>
      <line num="99" count="0" type="stmt"/>
      <line num="100" count="0" type="stmt"/>
      <line num="105" count="0" type="stmt"/>
    </file>
  </project>
</coverage>
