{"/Users/agents/Desktop/claude-20x/agents-a2a/.conductor/kinshasa/context-engineering-turso/.conductor/calgary/src/agent-manager.ts": {"path":"/Users/agents/Desktop/claude-20x/agents-a2a/.conductor/kinshasa/context-engineering-turso/.conductor/calgary/src/agent-manager.ts","statementMap":{"0":{"start":{"line":7,"column":0},"end":{"line":7,"column":37}},"1":{"start":{"line":8,"column":0},"end":{"line":8,"column":33}},"2":{"start":{"line":10,"column":18},"end":{"line":10,"column":33}},"3":{"start":{"line":13,"column":39},"end":{"line":13,"column":48}},"4":{"start":{"line":14,"column":50},"end":{"line":14,"column":59}},"5":{"start":{"line":15,"column":45},"end":{"line":15,"column":54}},"6":{"start":{"line":16,"column":30},"end":{"line":16,"column":32}},"7":{"start":{"line":17,"column":39},"end":{"line":17,"column":41}},"8":{"start":{"line":18,"column":21},"end":{"line":18,"column":30}},"9":{"start":{"line":19,"column":54},"end":{"line":19,"column":56}},"10":{"start":{"line":22,"column":12},"end":{"line":22,"column":36}},"11":{"start":{"line":23,"column":12},"end":{"line":23,"column":37}},"12":{"start":{"line":28,"column":4},"end":{"line":30,"column":5}},"13":{"start":{"line":29,"column":6},"end":{"line":29,"column":41}},"14":{"start":{"line":32,"column":4},"end":{"line":45,"column":5}},"15":{"start":{"line":33,"column":21},"end":{"line":33,"column":54}},"16":{"start":{"line":34,"column":6},"end":{"line":34,"column":41}},"17":{"start":{"line":37,"column":6},"end":{"line":39,"column":9}},"18":{"start":{"line":38,"column":8},"end":{"line":38,"column":43}},"19":{"start":{"line":41,"column":6},"end":{"line":41,"column":20}},"20":{"start":{"line":43,"column":6},"end":{"line":43,"column":57}},"21":{"start":{"line":44,"column":6},"end":{"line":44,"column":16}},"22":{"start":{"line":49,"column":4},"end":{"line":65,"column":5}},"23":{"start":{"line":50,"column":20},"end":{"line":50,"column":53}},"24":{"start":{"line":51,"column":6},"end":{"line":54,"column":7}},"25":{"start":{"line":52,"column":8},"end":{"line":52,"column":52}},"26":{"start":{"line":53,"column":8},"end":{"line":53,"column":20}},"27":{"start":{"line":56,"column":6},"end":{"line":59,"column":7}},"28":{"start":{"line":57,"column":8},"end":{"line":57,"column":59}},"29":{"start":{"line":58,"column":8},"end":{"line":58,"column":20}},"30":{"start":{"line":61,"column":6},"end":{"line":61,"column":19}},"31":{"start":{"line":63,"column":6},"end":{"line":63,"column":56}},"32":{"start":{"line":64,"column":6},"end":{"line":64,"column":18}},"33":{"start":{"line":69,"column":38},"end":{"line":77,"column":6}},"34":{"start":{"line":79,"column":4},"end":{"line":84,"column":7}},"35":{"start":{"line":80,"column":23},"end":{"line":80,"column":52}},"36":{"start":{"line":81,"column":6},"end":{"line":83,"column":7}},"37":{"start":{"line":82,"column":8},"end":{"line":82,"column":41}},"38":{"start":{"line":86,"column":4},"end":{"line":86,"column":22}},"39":{"start":{"line":90,"column":4},"end":{"line":92,"column":5}},"40":{"start":{"line":91,"column":6},"end":{"line":91,"column":20}},"41":{"start":{"line":93,"column":4},"end":{"line":95,"column":5}},"42":{"start":{"line":94,"column":6},"end":{"line":94,"column":21}},"43":{"start":{"line":96,"column":4},"end":{"line":98,"column":5}},"44":{"start":{"line":97,"column":6},"end":{"line":97,"column":21}},"45":{"start":{"line":99,"column":4},"end":{"line":101,"column":5}},"46":{"start":{"line":100,"column":6},"end":{"line":100,"column":22}},"47":{"start":{"line":102,"column":4},"end":{"line":104,"column":5}},"48":{"start":{"line":103,"column":6},"end":{"line":103,"column":25}},"49":{"start":{"line":105,"column":4},"end":{"line":107,"column":5}},"50":{"start":{"line":106,"column":6},"end":{"line":106,"column":27}},"51":{"start":{"line":108,"column":4},"end":{"line":108,"column":25}},"52":{"start":{"line":112,"column":4},"end":{"line":118,"column":6}},"53":{"start":{"line":115,"column":26},"end":{"line":115,"column":62}},"54":{"start":{"line":116,"column":8},"end":{"line":116,"column":55}},"55":{"start":{"line":122,"column":20},"end":{"line":122,"column":41}},"56":{"start":{"line":123,"column":4},"end":{"line":123,"column":53}},"57":{"start":{"line":127,"column":4},"end":{"line":134,"column":6}},"58":{"start":{"line":139,"column":24},"end":{"line":139,"column":41}},"59":{"start":{"line":140,"column":4},"end":{"line":142,"column":5}},"60":{"start":{"line":141,"column":6},"end":{"line":141,"column":49}},"61":{"start":{"line":145,"column":4},"end":{"line":145,"column":31}},"62":{"start":{"line":146,"column":21},"end":{"line":146,"column":42}},"63":{"start":{"line":147,"column":4},"end":{"line":149,"column":5}},"64":{"start":{"line":148,"column":6},"end":{"line":148,"column":55}},"65":{"start":{"line":151,"column":35},"end":{"line":159,"column":6}},"66":{"start":{"line":161,"column":4},"end":{"line":161,"column":51}},"67":{"start":{"line":162,"column":4},"end":{"line":162,"column":22}},"68":{"start":{"line":166,"column":4},"end":{"line":170,"column":5}},"69":{"start":{"line":167,"column":6},"end":{"line":169,"column":7}},"70":{"start":{"line":168,"column":8},"end":{"line":168,"column":21}},"71":{"start":{"line":171,"column":4},"end":{"line":171,"column":21}},"72":{"start":{"line":175,"column":4},"end":{"line":175,"column":50}},"73":{"start":{"line":179,"column":4},"end":{"line":179,"column":36}},"74":{"start":{"line":183,"column":4},"end":{"line":201,"column":5}},"75":{"start":{"line":184,"column":25},"end":{"line":184,"column":55}},"76":{"start":{"line":185,"column":6},"end":{"line":187,"column":7}},"77":{"start":{"line":186,"column":8},"end":{"line":186,"column":60}},"78":{"start":{"line":189,"column":23},"end":{"line":189,"column":55}},"79":{"start":{"line":190,"column":6},"end":{"line":192,"column":7}},"80":{"start":{"line":191,"column":8},"end":{"line":191,"column":33}},"81":{"start":{"line":194,"column":6},"end":{"line":194,"column":46}},"82":{"start":{"line":195,"column":6},"end":{"line":195,"column":31}},"83":{"start":{"line":197,"column":6},"end":{"line":200,"column":8}},"84":{"start":{"line":205,"column":23},"end":{"line":205,"column":53}},"85":{"start":{"line":206,"column":4},"end":{"line":206,"column":31}},"86":{"start":{"line":206,"column":21},"end":{"line":206,"column":31}},"87":{"start":{"line":208,"column":21},"end":{"line":208,"column":53}},"88":{"start":{"line":209,"column":4},"end":{"line":209,"column":48}},"89":{"start":{"line":209,"column":38},"end":{"line":209,"column":48}},"90":{"start":{"line":211,"column":21},"end":{"line":214,"column":21}},"91":{"start":{"line":217,"column":17},"end":{"line":217,"column":34}},"92":{"start":{"line":218,"column":30},"end":{"line":218,"column":32}},"93":{"start":{"line":220,"column":4},"end":{"line":233,"column":7}},"94":{"start":{"line":221,"column":20},"end":{"line":221,"column":36}},"95":{"start":{"line":222,"column":6},"end":{"line":232,"column":9}},"96":{"start":{"line":223,"column":8},"end":{"line":231,"column":9}},"97":{"start":{"line":224,"column":24},"end":{"line":224,"column":60}},"98":{"start":{"line":225,"column":10},"end":{"line":228,"column":11}},"99":{"start":{"line":226,"column":12},"end":{"line":226,"column":31}},"100":{"start":{"line":227,"column":12},"end":{"line":227,"column":31}},"101":{"start":{"line":230,"column":10},"end":{"line":230,"column":29}},"102":{"start":{"line":235,"column":4},"end":{"line":235,"column":19}},"103":{"start":{"line":239,"column":18},"end":{"line":239,"column":48}},"104":{"start":{"line":240,"column":4},"end":{"line":240,"column":23}},"105":{"start":{"line":240,"column":16},"end":{"line":240,"column":23}},"106":{"start":{"line":247,"column":4},"end":{"line":247,"column":50}},"107":{"start":{"line":251,"column":4},"end":{"line":256,"column":7}},"108":{"start":{"line":260,"column":4},"end":{"line":262,"column":6}},"109":{"start":{"line":261,"column":16},"end":{"line":261,"column":64}},"110":{"start":{"line":266,"column":28},"end":{"line":270,"column":6}},"111":{"start":{"line":272,"column":20},"end":{"line":272,"column":41}},"112":{"start":{"line":274,"column":4},"end":{"line":279,"column":7}},"113":{"start":{"line":275,"column":24},"end":{"line":275,"column":57}},"114":{"start":{"line":276,"column":6},"end":{"line":276,"column":62}},"115":{"start":{"line":277,"column":6},"end":{"line":277,"column":90}},"116":{"start":{"line":278,"column":6},"end":{"line":278,"column":21}},"117":{"start":{"line":281,"column":4},"end":{"line":281,"column":39}},"118":{"start":{"line":282,"column":4},"end":{"line":282,"column":59}},"119":{"start":{"line":284,"column":4},"end":{"line":284,"column":28}},"120":{"start":{"line":288,"column":19},"end":{"line":288,"column":45}},"121":{"start":{"line":289,"column":25},"end":{"line":289,"column":42}},"122":{"start":{"line":291,"column":4},"end":{"line":293,"column":7}},"123":{"start":{"line":292,"column":6},"end":{"line":292,"column":63}},"124":{"start":{"line":292,"column":40},"end":{"line":292,"column":61}},"125":{"start":{"line":295,"column":4},"end":{"line":300,"column":6}},"126":{"start":{"line":304,"column":4},"end":{"line":306,"column":5}},"127":{"start":{"line":305,"column":6},"end":{"line":305,"column":55}},"128":{"start":{"line":316,"column":4},"end":{"line":316,"column":26}},"129":{"start":{"line":320,"column":4},"end":{"line":320,"column":33}},"130":{"start":{"line":12,"column":0},"end":{"line":12,"column":13}}},"fnMap":{"0":{"name":"(anonymous_0)","decl":{"start":{"line":21,"column":2},"end":{"line":21,"column":null}},"loc":{"start":{"line":23,"column":37},"end":{"line":24,"column":6}}},"1":{"name":"(anonymous_1)","decl":{"start":{"line":26,"column":2},"end":{"line":26,"column":7}},"loc":{"start":{"line":26,"column":21},"end":{"line":46,"column":3}}},"2":{"name":"(anonymous_2)","decl":{"start":{"line":37,"column":21},"end":{"line":37,"column":26}},"loc":{"start":{"line":37,"column":29},"end":{"line":39,"column":7}}},"3":{"name":"(anonymous_3)","decl":{"start":{"line":48,"column":2},"end":{"line":48,"column":7}},"loc":{"start":{"line":48,"column":30},"end":{"line":66,"column":3}}},"4":{"name":"(anonymous_4)","decl":{"start":{"line":68,"column":2},"end":{"line":68,"column":18}},"loc":{"start":{"line":68,"column":34},"end":{"line":87,"column":3}}},"5":{"name":"(anonymous_5)","decl":{"start":{"line":79,"column":19},"end":{"line":79,"column":24}},"loc":{"start":{"line":79,"column":27},"end":{"line":84,"column":5}}},"6":{"name":"(anonymous_6)","decl":{"start":{"line":89,"column":10},"end":{"line":89,"column":27}},"loc":{"start":{"line":89,"column":40},"end":{"line":109,"column":3}}},"7":{"name":"(anonymous_7)","decl":{"start":{"line":111,"column":2},"end":{"line":111,"column":28}},"loc":{"start":{"line":111,"column":59},"end":{"line":119,"column":3}}},"8":{"name":"(anonymous_8)","decl":{"start":{"line":113,"column":13},"end":{"line":113,"column":18}},"loc":{"start":{"line":113,"column":63},"end":{"line":117,"column":7}}},"9":{"name":"(anonymous_9)","decl":{"start":{"line":121,"column":10},"end":{"line":121,"column":27}},"loc":{"start":{"line":121,"column":50},"end":{"line":124,"column":3}}},"10":{"name":"(anonymous_10)","decl":{"start":{"line":126,"column":2},"end":{"line":126,"column":16}},"loc":{"start":{"line":126,"column":16},"end":{"line":135,"column":3}}},"11":{"name":"(anonymous_11)","decl":{"start":{"line":137,"column":2},"end":{"line":137,"column":7}},"loc":{"start":{"line":137,"column":45},"end":{"line":163,"column":3}}},"12":{"name":"(anonymous_12)","decl":{"start":{"line":165,"column":2},"end":{"line":165,"column":16}},"loc":{"start":{"line":165,"column":29},"end":{"line":172,"column":3}}},"13":{"name":"(anonymous_13)","decl":{"start":{"line":174,"column":2},"end":{"line":174,"column":17}},"loc":{"start":{"line":174,"column":17},"end":{"line":176,"column":3}}},"14":{"name":"(anonymous_14)","decl":{"start":{"line":178,"column":2},"end":{"line":178,"column":13}},"loc":{"start":{"line":178,"column":32},"end":{"line":180,"column":3}}},"15":{"name":"(anonymous_15)","decl":{"start":{"line":182,"column":2},"end":{"line":182,"column":7}},"loc":{"start":{"line":182,"column":38},"end":{"line":202,"column":3}}},"16":{"name":"(anonymous_16)","decl":{"start":{"line":204,"column":2},"end":{"line":204,"column":7}},"loc":{"start":{"line":204,"column":44},"end":{"line":236,"column":3}}},"17":{"name":"(anonymous_17)","decl":{"start":{"line":220,"column":21},"end":{"line":220,"column":25}},"loc":{"start":{"line":220,"column":28},"end":{"line":233,"column":5}}},"18":{"name":"(anonymous_18)","decl":{"start":{"line":222,"column":20},"end":{"line":222,"column":24}},"loc":{"start":{"line":222,"column":27},"end":{"line":232,"column":7}}},"19":{"name":"(anonymous_19)","decl":{"start":{"line":238,"column":2},"end":{"line":238,"column":7}},"loc":{"start":{"line":238,"column":38},"end":{"line":244,"column":3}}},"20":{"name":"(anonymous_20)","decl":{"start":{"line":246,"column":2},"end":{"line":246,"column":7}},"loc":{"start":{"line":246,"column":38},"end":{"line":248,"column":3}}},"21":{"name":"(anonymous_21)","decl":{"start":{"line":250,"column":2},"end":{"line":250,"column":7}},"loc":{"start":{"line":250,"column":66},"end":{"line":257,"column":3}}},"22":{"name":"(anonymous_22)","decl":{"start":{"line":259,"column":2},"end":{"line":259,"column":7}},"loc":{"start":{"line":259,"column":39},"end":{"line":263,"column":3}}},"23":{"name":"(anonymous_23)","decl":{"start":{"line":261,"column":6},"end":{"line":261,"column":12}},"loc":{"start":{"line":261,"column":16},"end":{"line":261,"column":64}}},"24":{"name":"(anonymous_24)","decl":{"start":{"line":265,"column":2},"end":{"line":265,"column":7}},"loc":{"start":{"line":265,"column":44},"end":{"line":285,"column":3}}},"25":{"name":"(anonymous_25)","decl":{"start":{"line":274,"column":37},"end":{"line":274,"column":38}},"loc":{"start":{"line":274,"column":52},"end":{"line":279,"column":5}}},"26":{"name":"(anonymous_26)","decl":{"start":{"line":287,"column":2},"end":{"line":287,"column":7}},"loc":{"start":{"line":287,"column":26},"end":{"line":301,"column":3}}},"27":{"name":"(anonymous_27)","decl":{"start":{"line":291,"column":19},"end":{"line":291,"column":24}},"loc":{"start":{"line":291,"column":27},"end":{"line":293,"column":5}}},"28":{"name":"(anonymous_28)","decl":{"start":{"line":292,"column":33},"end":{"line":292,"column":36}},"loc":{"start":{"line":292,"column":40},"end":{"line":292,"column":61}}},"29":{"name":"(anonymous_29)","decl":{"start":{"line":303,"column":2},"end":{"line":303,"column":7}},"loc":{"start":{"line":303,"column":77},"end":{"line":313,"column":3}}},"30":{"name":"(anonymous_30)","decl":{"start":{"line":315,"column":2},"end":{"line":315,"column":14}},"loc":{"start":{"line":315,"column":14},"end":{"line":317,"column":3}}},"31":{"name":"(anonymous_31)","decl":{"start":{"line":319,"column":2},"end":{"line":319,"column":21}},"loc":{"start":{"line":319,"column":21},"end":{"line":321,"column":3}}}},"branchMap":{"0":{"loc":{"start":{"line":28,"column":4},"end":{"line":30,"column":5}},"type":"if","locations":[{"start":{"line":28,"column":4},"end":{"line":30,"column":5}}]},"1":{"loc":{"start":{"line":51,"column":6},"end":{"line":54,"column":7}},"type":"if","locations":[{"start":{"line":51,"column":6},"end":{"line":54,"column":7}}]},"2":{"loc":{"start":{"line":56,"column":6},"end":{"line":59,"column":7}},"type":"if","locations":[{"start":{"line":56,"column":6},"end":{"line":59,"column":7}}]},"3":{"loc":{"start":{"line":81,"column":6},"end":{"line":83,"column":7}},"type":"if","locations":[{"start":{"line":81,"column":6},"end":{"line":83,"column":7}}]},"4":{"loc":{"start":{"line":90,"column":4},"end":{"line":92,"column":5}},"type":"if","locations":[{"start":{"line":90,"column":4},"end":{"line":92,"column":5}}]},"5":{"loc":{"start":{"line":93,"column":4},"end":{"line":95,"column":5}},"type":"if","locations":[{"start":{"line":93,"column":4},"end":{"line":95,"column":5}}]},"6":{"loc":{"start":{"line":93,"column":8},"end":{"line":93,"column":74}},"type":"binary-expr","locations":[{"start":{"line":93,"column":8},"end":{"line":93,"column":42}},{"start":{"line":93,"column":46},"end":{"line":93,"column":74}}]},"7":{"loc":{"start":{"line":96,"column":4},"end":{"line":98,"column":5}},"type":"if","locations":[{"start":{"line":96,"column":4},"end":{"line":98,"column":5}}]},"8":{"loc":{"start":{"line":96,"column":8},"end":{"line":96,"column":122}},"type":"binary-expr","locations":[{"start":{"line":96,"column":8},"end":{"line":96,"column":36}},{"start":{"line":96,"column":40},"end":{"line":96,"column":122}}]},"9":{"loc":{"start":{"line":99,"column":4},"end":{"line":101,"column":5}},"type":"if","locations":[{"start":{"line":99,"column":4},"end":{"line":101,"column":5}}]},"10":{"loc":{"start":{"line":99,"column":8},"end":{"line":99,"column":99}},"type":"binary-expr","locations":[{"start":{"line":99,"column":8},"end":{"line":99,"column":37}},{"start":{"line":99,"column":41},"end":{"line":99,"column":67}},{"start":{"line":99,"column":71},"end":{"line":99,"column":99}}]},"11":{"loc":{"start":{"line":102,"column":4},"end":{"line":104,"column":5}},"type":"if","locations":[{"start":{"line":102,"column":4},"end":{"line":104,"column":5}}]},"12":{"loc":{"start":{"line":102,"column":8},"end":{"line":102,"column":107}},"type":"binary-expr","locations":[{"start":{"line":102,"column":8},"end":{"line":102,"column":40}},{"start":{"line":102,"column":44},"end":{"line":102,"column":71}},{"start":{"line":102,"column":75},"end":{"line":102,"column":107}}]},"13":{"loc":{"start":{"line":105,"column":4},"end":{"line":107,"column":5}},"type":"if","locations":[{"start":{"line":105,"column":4},"end":{"line":107,"column":5}}]},"14":{"loc":{"start":{"line":105,"column":8},"end":{"line":105,"column":71}},"type":"binary-expr","locations":[{"start":{"line":105,"column":8},"end":{"line":105,"column":35}},{"start":{"line":105,"column":39},"end":{"line":105,"column":71}}]},"15":{"loc":{"start":{"line":123,"column":11},"end":{"line":123,"column":52}},"type":"binary-expr","locations":[{"start":{"line":123,"column":11},"end":{"line":123,"column":34}},{"start":{"line":123,"column":38},"end":{"line":123,"column":52}}]},"16":{"loc":{"start":{"line":140,"column":4},"end":{"line":142,"column":5}},"type":"if","locations":[{"start":{"line":140,"column":4},"end":{"line":142,"column":5}}]},"17":{"loc":{"start":{"line":147,"column":4},"end":{"line":149,"column":5}},"type":"if","locations":[{"start":{"line":147,"column":4},"end":{"line":149,"column":5}}]},"18":{"loc":{"start":{"line":167,"column":6},"end":{"line":169,"column":7}},"type":"if","locations":[{"start":{"line":167,"column":6},"end":{"line":169,"column":7}}]},"19":{"loc":{"start":{"line":185,"column":6},"end":{"line":187,"column":7}},"type":"if","locations":[{"start":{"line":185,"column":6},"end":{"line":187,"column":7}}]},"20":{"loc":{"start":{"line":190,"column":6},"end":{"line":192,"column":7}},"type":"if","locations":[{"start":{"line":190,"column":6},"end":{"line":192,"column":7}}]},"21":{"loc":{"start":{"line":190,"column":10},"end":{"line":190,"column":43}},"type":"binary-expr","locations":[{"start":{"line":190,"column":10},"end":{"line":190,"column":19}},{"start":{"line":190,"column":23},"end":{"line":190,"column":43}}]},"22":{"loc":{"start":{"line":206,"column":4},"end":{"line":206,"column":31}},"type":"if","locations":[{"start":{"line":206,"column":4},"end":{"line":206,"column":31}}]},"23":{"loc":{"start":{"line":209,"column":4},"end":{"line":209,"column":48}},"type":"if","locations":[{"start":{"line":209,"column":4},"end":{"line":209,"column":48}}]},"24":{"loc":{"start":{"line":209,"column":8},"end":{"line":209,"column":36}},"type":"binary-expr","locations":[{"start":{"line":209,"column":8},"end":{"line":209,"column":17}},{"start":{"line":209,"column":21},"end":{"line":209,"column":36}}]},"25":{"loc":{"start":{"line":212,"column":6},"end":{"line":212,"column":30}},"type":"binary-expr","locations":[{"start":{"line":212,"column":6},"end":{"line":212,"column":24}},{"start":{"line":212,"column":28},"end":{"line":212,"column":30}}]},"26":{"loc":{"start":{"line":213,"column":6},"end":{"line":213,"column":31}},"type":"binary-expr","locations":[{"start":{"line":213,"column":6},"end":{"line":213,"column":25}},{"start":{"line":213,"column":29},"end":{"line":213,"column":31}}]},"27":{"loc":{"start":{"line":223,"column":8},"end":{"line":231,"column":9}},"type":"if","locations":[{"start":{"line":223,"column":8},"end":{"line":231,"column":9}},{"start":{"line":229,"column":15},"end":{"line":231,"column":9}}]},"28":{"loc":{"start":{"line":225,"column":10},"end":{"line":228,"column":11}},"type":"if","locations":[{"start":{"line":225,"column":10},"end":{"line":228,"column":11}}]},"29":{"loc":{"start":{"line":225,"column":14},"end":{"line":225,"column":42}},"type":"binary-expr","locations":[{"start":{"line":225,"column":14},"end":{"line":225,"column":19}},{"start":{"line":225,"column":23},"end":{"line":225,"column":42}}]},"30":{"loc":{"start":{"line":240,"column":4},"end":{"line":240,"column":23}},"type":"if","locations":[{"start":{"line":240,"column":4},"end":{"line":240,"column":23}}]},"31":{"loc":{"start":{"line":247,"column":11},"end":{"line":247,"column":49}},"type":"binary-expr","locations":[{"start":{"line":247,"column":11},"end":{"line":247,"column":41}},{"start":{"line":247,"column":45},"end":{"line":247,"column":49}}]},"32":{"loc":{"start":{"line":261,"column":16},"end":{"line":261,"column":64}},"type":"binary-expr","locations":[{"start":{"line":261,"column":16},"end":{"line":261,"column":39}},{"start":{"line":261,"column":43},"end":{"line":261,"column":64}}]},"33":{"loc":{"start":{"line":275,"column":24},"end":{"line":275,"column":57}},"type":"binary-expr","locations":[{"start":{"line":275,"column":24},"end":{"line":275,"column":43}},{"start":{"line":275,"column":47},"end":{"line":275,"column":57}}]},"34":{"loc":{"start":{"line":304,"column":4},"end":{"line":306,"column":5}},"type":"if","locations":[{"start":{"line":304,"column":4},"end":{"line":306,"column":5}}]}},"s":{"0":1,"1":1,"2":1,"3":18,"4":18,"5":18,"6":18,"7":18,"8":18,"9":18,"10":18,"11":18,"12":114,"13":3,"14":111,"15":111,"16":111,"17":111,"18":4995,"19":111,"20":0,"21":0,"22":1,"23":1,"24":1,"25":1,"26":1,"27":0,"28":0,"29":0,"30":0,"31":0,"32":0,"33":1,"34":1,"35":45,"36":45,"37":45,"38":1,"39":45,"40":5,"41":40,"42":15,"43":25,"44":6,"45":19,"46":4,"47":15,"48":2,"49":13,"50":2,"51":11,"52":1,"53":1,"54":1,"55":1,"56":1,"57":3,"58":109,"59":109,"60":1,"61":108,"62":108,"63":108,"64":0,"65":108,"66":108,"67":108,"68":1,"69":1,"70":1,"71":0,"72":2,"73":2,"74":2,"75":2,"76":2,"77":0,"78":2,"79":2,"80":0,"81":2,"82":1,"83":1,"84":1,"85":1,"86":0,"87":1,"88":1,"89":0,"90":1,"91":1,"92":1,"93":1,"94":2,"95":2,"96":16,"97":0,"98":0,"99":0,"100":0,"101":16,"102":1,"103":1,"104":1,"105":0,"106":1,"107":1,"108":1,"109":1,"110":1,"111":1,"112":1,"113":3,"114":3,"115":3,"116":3,"117":1,"118":1,"119":1,"120":2,"121":2,"122":2,"123":90,"124":364,"125":2,"126":1,"127":0,"128":1,"129":0,"130":1},"f":{"0":18,"1":114,"2":4995,"3":1,"4":1,"5":45,"6":45,"7":1,"8":1,"9":1,"10":3,"11":109,"12":1,"13":2,"14":2,"15":2,"16":1,"17":2,"18":16,"19":1,"20":1,"21":1,"22":1,"23":1,"24":1,"25":3,"26":2,"27":90,"28":364,"29":1,"30":1,"31":0},"b":{"0":[3],"1":[1],"2":[0],"3":[45],"4":[5],"5":[15],"6":[40,32],"7":[6],"8":[25,23],"9":[4],"10":[19,18,16],"11":[2],"12":[15,15,14],"13":[2],"14":[13,11],"15":[1,1],"16":[1],"17":[0],"18":[1],"19":[0],"20":[0],"21":[2,2],"22":[0],"23":[0],"24":[1,1],"25":[1,0],"26":[1,0],"27":[0,16],"28":[0],"29":[0,0],"30":[0],"31":[1,0],"32":[1,0],"33":[3,1],"34":[0]}}
,"/Users/agents/Desktop/claude-20x/agents-a2a/.conductor/kinshasa/context-engineering-turso/.conductor/calgary/src/agent-validator.ts": {"path":"/Users/agents/Desktop/claude-20x/agents-a2a/.conductor/kinshasa/context-engineering-turso/.conductor/calgary/src/agent-validator.ts","statementMap":{"0":{"start":{"line":4,"column":29},"end":{"line":4,"column":31}},"1":{"start":{"line":7,"column":4},"end":{"line":7,"column":21}},"2":{"start":{"line":10,"column":4},"end":{"line":12,"column":5}},"3":{"start":{"line":11,"column":6},"end":{"line":11,"column":55}},"4":{"start":{"line":14,"column":4},"end":{"line":16,"column":5}},"5":{"start":{"line":15,"column":6},"end":{"line":15,"column":55}},"6":{"start":{"line":18,"column":4},"end":{"line":20,"column":5}},"7":{"start":{"line":19,"column":6},"end":{"line":19,"column":81}},"8":{"start":{"line":22,"column":4},"end":{"line":24,"column":5}},"9":{"start":{"line":23,"column":6},"end":{"line":23,"column":62}},"10":{"start":{"line":27,"column":4},"end":{"line":29,"column":5}},"11":{"start":{"line":28,"column":6},"end":{"line":28,"column":66}},"12":{"start":{"line":31,"column":4},"end":{"line":33,"column":5}},"13":{"start":{"line":32,"column":6},"end":{"line":32,"column":66}},"14":{"start":{"line":36,"column":4},"end":{"line":47,"column":5}},"15":{"start":{"line":37,"column":6},"end":{"line":46,"column":7}},"16":{"start":{"line":38,"column":8},"end":{"line":38,"column":69}},"17":{"start":{"line":40,"column":8},"end":{"line":42,"column":9}},"18":{"start":{"line":41,"column":10},"end":{"line":41,"column":63}},"19":{"start":{"line":43,"column":8},"end":{"line":45,"column":9}},"20":{"start":{"line":44,"column":10},"end":{"line":44,"column":64}},"21":{"start":{"line":50,"column":4},"end":{"line":56,"column":5}},"22":{"start":{"line":51,"column":6},"end":{"line":55,"column":9}},"23":{"start":{"line":52,"column":8},"end":{"line":54,"column":9}},"24":{"start":{"line":53,"column":10},"end":{"line":53,"column":83}},"25":{"start":{"line":59,"column":23},"end":{"line":62,"column":6}},"26":{"start":{"line":64,"column":4},"end":{"line":67,"column":5}},"27":{"start":{"line":66,"column":6},"end":{"line":66,"column":56}},"28":{"start":{"line":69,"column":4},"end":{"line":69,"column":36}},"29":{"start":{"line":73,"column":4},"end":{"line":73,"column":28}},"30":{"start":{"line":78,"column":20},"end":{"line":78,"column":34}},"31":{"start":{"line":79,"column":4},"end":{"line":79,"column":30}},"32":{"start":{"line":84,"column":20},"end":{"line":84,"column":31}},"33":{"start":{"line":85,"column":4},"end":{"line":85,"column":36}},"34":{"start":{"line":89,"column":29},"end":{"line":89,"column":31}},"35":{"start":{"line":92,"column":30},"end":{"line":96,"column":6}},"36":{"start":{"line":98,"column":4},"end":{"line":102,"column":7}},"37":{"start":{"line":99,"column":6},"end":{"line":101,"column":7}},"38":{"start":{"line":100,"column":8},"end":{"line":100,"column":70}},"39":{"start":{"line":105,"column":22},"end":{"line":105,"column":75}},"40":{"start":{"line":106,"column":4},"end":{"line":113,"column":5}},"41":{"start":{"line":107,"column":6},"end":{"line":112,"column":9}},"42":{"start":{"line":108,"column":22},"end":{"line":108,"column":70}},"43":{"start":{"line":109,"column":8},"end":{"line":111,"column":9}},"44":{"start":{"line":110,"column":10},"end":{"line":110,"column":58}},"45":{"start":{"line":115,"column":4},"end":{"line":118,"column":6}},"46":{"start":{"line":3,"column":0},"end":{"line":3,"column":13}}},"fnMap":{"0":{"name":"(anonymous_0)","decl":{"start":{"line":6,"column":2},"end":{"line":6,"column":10}},"loc":{"start":{"line":6,"column":21},"end":{"line":70,"column":3}}},"1":{"name":"(anonymous_1)","decl":{"start":{"line":51,"column":33},"end":{"line":51,"column":34}},"loc":{"start":{"line":51,"column":61},"end":{"line":55,"column":7}}},"2":{"name":"(anonymous_2)","decl":{"start":{"line":72,"column":2},"end":{"line":72,"column":11}},"loc":{"start":{"line":72,"column":11},"end":{"line":74,"column":3}}},"3":{"name":"(anonymous_3)","decl":{"start":{"line":76,"column":2},"end":{"line":76,"column":19}},"loc":{"start":{"line":76,"column":32},"end":{"line":80,"column":3}}},"4":{"name":"(anonymous_4)","decl":{"start":{"line":82,"column":2},"end":{"line":82,"column":20}},"loc":{"start":{"line":82,"column":39},"end":{"line":86,"column":3}}},"5":{"name":"(anonymous_5)","decl":{"start":{"line":88,"column":2},"end":{"line":88,"column":20}},"loc":{"start":{"line":88,"column":35},"end":{"line":119,"column":3}}},"6":{"name":"(anonymous_6)","decl":{"start":{"line":98,"column":30},"end":{"line":98,"column":37}},"loc":{"start":{"line":98,"column":40},"end":{"line":102,"column":5}}},"7":{"name":"(anonymous_7)","decl":{"start":{"line":107,"column":24},"end":{"line":107,"column":26}},"loc":{"start":{"line":107,"column":29},"end":{"line":112,"column":7}}}},"branchMap":{"0":{"loc":{"start":{"line":10,"column":4},"end":{"line":12,"column":5}},"type":"if","locations":[{"start":{"line":10,"column":4},"end":{"line":12,"column":5}}]},"1":{"loc":{"start":{"line":14,"column":4},"end":{"line":16,"column":5}},"type":"if","locations":[{"start":{"line":14,"column":4},"end":{"line":16,"column":5}}]},"2":{"loc":{"start":{"line":18,"column":4},"end":{"line":20,"column":5}},"type":"if","locations":[{"start":{"line":18,"column":4},"end":{"line":20,"column":5}}]},"3":{"loc":{"start":{"line":18,"column":8},"end":{"line":18,"column":65}},"type":"binary-expr","locations":[{"start":{"line":18,"column":8},"end":{"line":18,"column":27}},{"start":{"line":18,"column":31},"end":{"line":18,"column":65}}]},"4":{"loc":{"start":{"line":22,"column":4},"end":{"line":24,"column":5}},"type":"if","locations":[{"start":{"line":22,"column":4},"end":{"line":24,"column":5}}]},"5":{"loc":{"start":{"line":27,"column":4},"end":{"line":29,"column":5}},"type":"if","locations":[{"start":{"line":27,"column":4},"end":{"line":29,"column":5}}]},"6":{"loc":{"start":{"line":27,"column":8},"end":{"line":27,"column":52}},"type":"binary-expr","locations":[{"start":{"line":27,"column":8},"end":{"line":27,"column":18}},{"start":{"line":27,"column":22},"end":{"line":27,"column":52}}]},"7":{"loc":{"start":{"line":31,"column":4},"end":{"line":33,"column":5}},"type":"if","locations":[{"start":{"line":31,"column":4},"end":{"line":33,"column":5}}]},"8":{"loc":{"start":{"line":31,"column":8},"end":{"line":31,"column":52}},"type":"binary-expr","locations":[{"start":{"line":31,"column":8},"end":{"line":31,"column":18}},{"start":{"line":31,"column":22},"end":{"line":31,"column":52}}]},"9":{"loc":{"start":{"line":36,"column":4},"end":{"line":47,"column":5}},"type":"if","locations":[{"start":{"line":36,"column":4},"end":{"line":47,"column":5}}]},"10":{"loc":{"start":{"line":37,"column":6},"end":{"line":46,"column":7}},"type":"if","locations":[{"start":{"line":37,"column":6},"end":{"line":46,"column":7}},{"start":{"line":39,"column":13},"end":{"line":46,"column":7}}]},"11":{"loc":{"start":{"line":40,"column":8},"end":{"line":42,"column":9}},"type":"if","locations":[{"start":{"line":40,"column":8},"end":{"line":42,"column":9}}]},"12":{"loc":{"start":{"line":40,"column":12},"end":{"line":40,"column":66}},"type":"binary-expr","locations":[{"start":{"line":40,"column":12},"end":{"line":40,"column":27}},{"start":{"line":40,"column":31},"end":{"line":40,"column":66}}]},"13":{"loc":{"start":{"line":43,"column":8},"end":{"line":45,"column":9}},"type":"if","locations":[{"start":{"line":43,"column":8},"end":{"line":45,"column":9}}]},"14":{"loc":{"start":{"line":43,"column":12},"end":{"line":43,"column":68}},"type":"binary-expr","locations":[{"start":{"line":43,"column":12},"end":{"line":43,"column":28}},{"start":{"line":43,"column":32},"end":{"line":43,"column":68}}]},"15":{"loc":{"start":{"line":50,"column":4},"end":{"line":56,"column":5}},"type":"if","locations":[{"start":{"line":50,"column":4},"end":{"line":56,"column":5}}]},"16":{"loc":{"start":{"line":50,"column":8},"end":{"line":50,"column":63}},"type":"binary-expr","locations":[{"start":{"line":50,"column":8},"end":{"line":50,"column":26}},{"start":{"line":50,"column":30},"end":{"line":50,"column":63}}]},"17":{"loc":{"start":{"line":52,"column":8},"end":{"line":54,"column":9}},"type":"if","locations":[{"start":{"line":52,"column":8},"end":{"line":54,"column":9}}]},"18":{"loc":{"start":{"line":64,"column":4},"end":{"line":67,"column":5}},"type":"if","locations":[{"start":{"line":64,"column":4},"end":{"line":67,"column":5}}]},"19":{"loc":{"start":{"line":64,"column":8},"end":{"line":64,"column":54}},"type":"binary-expr","locations":[{"start":{"line":64,"column":8},"end":{"line":64,"column":18}},{"start":{"line":64,"column":22},"end":{"line":64,"column":54}}]},"20":{"loc":{"start":{"line":99,"column":6},"end":{"line":101,"column":7}},"type":"if","locations":[{"start":{"line":99,"column":6},"end":{"line":101,"column":7}}]},"21":{"loc":{"start":{"line":106,"column":4},"end":{"line":113,"column":5}},"type":"if","locations":[{"start":{"line":106,"column":4},"end":{"line":113,"column":5}}]},"22":{"loc":{"start":{"line":109,"column":8},"end":{"line":111,"column":9}},"type":"if","locations":[{"start":{"line":109,"column":8},"end":{"line":111,"column":9}}]},"23":{"loc":{"start":{"line":109,"column":12},"end":{"line":109,"column":42}},"type":"binary-expr","locations":[{"start":{"line":109,"column":12},"end":{"line":109,"column":17}},{"start":{"line":109,"column":21},"end":{"line":109,"column":42}}]}},"s":{"0":19,"1":3,"2":3,"3":0,"4":3,"5":2,"6":3,"7":2,"8":3,"9":2,"10":3,"11":0,"12":3,"13":0,"14":3,"15":1,"16":0,"17":1,"18":0,"19":1,"20":0,"21":3,"22":1,"23":1,"24":0,"25":3,"26":3,"27":0,"28":3,"29":1,"30":0,"31":0,"32":0,"33":0,"34":0,"35":0,"36":0,"37":0,"38":0,"39":0,"40":0,"41":0,"42":0,"43":0,"44":0,"45":0,"46":1},"f":{"0":3,"1":1,"2":1,"3":0,"4":0,"5":0,"6":0,"7":0},"b":{"0":[0],"1":[2],"2":[2],"3":[3,1],"4":[2],"5":[0],"6":[3,3],"7":[0],"8":[3,1],"9":[1],"10":[0,1],"11":[0],"12":[1,1],"13":[0],"14":[1,1],"15":[1],"16":[3,1],"17":[0],"18":[0],"19":[3,1],"20":[0],"21":[0],"22":[0],"23":[0,0]}}
,"/Users/agents/Desktop/claude-20x/agents-a2a/.conductor/kinshasa/context-engineering-turso/.conductor/calgary/src/local-agent-loader.ts": {"path":"/Users/agents/Desktop/claude-20x/agents-a2a/.conductor/kinshasa/context-engineering-turso/.conductor/calgary/src/local-agent-loader.ts","statementMap":{"0":{"start":{"line":2,"column":0},"end":{"line":2,"column":29}},"1":{"start":{"line":3,"column":0},"end":{"line":3,"column":24}},"2":{"start":{"line":4,"column":0},"end":{"line":4,"column":27}},"3":{"start":{"line":8,"column":22},"end":{"line":8,"column":38}},"4":{"start":{"line":11,"column":28},"end":{"line":11,"column":30}},"5":{"start":{"line":13,"column":4},"end":{"line":36,"column":5}},"6":{"start":{"line":14,"column":25},"end":{"line":14,"column":57}},"7":{"start":{"line":16,"column":6},"end":{"line":33,"column":7}},"8":{"start":{"line":17,"column":29},"end":{"line":17,"column":64}},"9":{"start":{"line":18,"column":21},"end":{"line":18,"column":48}},"10":{"start":{"line":20,"column":8},"end":{"line":32,"column":9}},"11":{"start":{"line":21,"column":24},"end":{"line":21,"column":54}},"12":{"start":{"line":23,"column":10},"end":{"line":31,"column":11}},"13":{"start":{"line":24,"column":12},"end":{"line":30,"column":13}},"14":{"start":{"line":25,"column":31},"end":{"line":25,"column":60}},"15":{"start":{"line":26,"column":28},"end":{"line":26,"column":66}},"16":{"start":{"line":27,"column":14},"end":{"line":29,"column":15}},"17":{"start":{"line":28,"column":16},"end":{"line":28,"column":35}},"18":{"start":{"line":35,"column":6},"end":{"line":35,"column":57}},"19":{"start":{"line":38,"column":4},"end":{"line":38,"column":18}},"20":{"start":{"line":42,"column":4},"end":{"line":54,"column":5}},"21":{"start":{"line":44,"column":6},"end":{"line":46,"column":7}},"22":{"start":{"line":45,"column":8},"end":{"line":45,"column":56}},"23":{"start":{"line":49,"column":21},"end":{"line":49,"column":47}},"24":{"start":{"line":50,"column":6},"end":{"line":50,"column":69}},"25":{"start":{"line":50,"column":34},"end":{"line":50,"column":59}},"26":{"start":{"line":52,"column":6},"end":{"line":52,"column":65}},"27":{"start":{"line":53,"column":6},"end":{"line":53,"column":18}},"28":{"start":{"line":58,"column":4},"end":{"line":64,"column":5}},"29":{"start":{"line":59,"column":22},"end":{"line":59,"column":58}},"30":{"start":{"line":60,"column":6},"end":{"line":60,"column":46}},"31":{"start":{"line":62,"column":6},"end":{"line":62,"column":68}},"32":{"start":{"line":63,"column":6},"end":{"line":63,"column":18}},"33":{"start":{"line":69,"column":22},"end":{"line":69,"column":60}},"34":{"start":{"line":70,"column":4},"end":{"line":72,"column":5}},"35":{"start":{"line":71,"column":6},"end":{"line":71,"column":18}},"36":{"start":{"line":74,"column":4},"end":{"line":101,"column":5}},"37":{"start":{"line":75,"column":26},"end":{"line":75,"column":38}},"38":{"start":{"line":76,"column":26},"end":{"line":76,"column":55}},"39":{"start":{"line":79,"column":30},"end":{"line":79,"column":71}},"40":{"start":{"line":81,"column":6},"end":{"line":97,"column":8}},"41":{"start":{"line":99,"column":6},"end":{"line":99,"column":56}},"42":{"start":{"line":100,"column":6},"end":{"line":100,"column":18}},"43":{"start":{"line":105,"column":4},"end":{"line":105,"column":44}},"44":{"start":{"line":7,"column":0},"end":{"line":7,"column":13}}},"fnMap":{"0":{"name":"(anonymous_1)","decl":{"start":{"line":10,"column":2},"end":{"line":10,"column":7}},"loc":{"start":{"line":10,"column":21},"end":{"line":39,"column":3}}},"1":{"name":"(anonymous_2)","decl":{"start":{"line":41,"column":2},"end":{"line":41,"column":7}},"loc":{"start":{"line":41,"column":36},"end":{"line":55,"column":3}}},"2":{"name":"(anonymous_3)","decl":{"start":{"line":50,"column":25},"end":{"line":50,"column":30}},"loc":{"start":{"line":50,"column":34},"end":{"line":50,"column":59}}},"3":{"name":"(anonymous_4)","decl":{"start":{"line":57,"column":10},"end":{"line":57,"column":15}},"loc":{"start":{"line":57,"column":50},"end":{"line":65,"column":3}}},"4":{"name":"(anonymous_5)","decl":{"start":{"line":67,"column":10},"end":{"line":67,"column":28}},"loc":{"start":{"line":67,"column":44},"end":{"line":102,"column":3}}},"5":{"name":"(anonymous_6)","decl":{"start":{"line":104,"column":2},"end":{"line":104,"column":7}},"loc":{"start":{"line":104,"column":37},"end":{"line":106,"column":3}}}},"branchMap":{"0":{"loc":{"start":{"line":20,"column":8},"end":{"line":32,"column":9}},"type":"if","locations":[{"start":{"line":20,"column":8},"end":{"line":32,"column":9}}]},"1":{"loc":{"start":{"line":24,"column":12},"end":{"line":30,"column":13}},"type":"if","locations":[{"start":{"line":24,"column":12},"end":{"line":30,"column":13}}]},"2":{"loc":{"start":{"line":27,"column":14},"end":{"line":29,"column":15}},"type":"if","locations":[{"start":{"line":27,"column":14},"end":{"line":29,"column":15}}]},"3":{"loc":{"start":{"line":44,"column":6},"end":{"line":46,"column":7}},"type":"if","locations":[{"start":{"line":44,"column":6},"end":{"line":46,"column":7}}]},"4":{"loc":{"start":{"line":50,"column":13},"end":{"line":50,"column":68}},"type":"binary-expr","locations":[{"start":{"line":50,"column":13},"end":{"line":50,"column":60}},{"start":{"line":50,"column":64},"end":{"line":50,"column":68}}]},"5":{"loc":{"start":{"line":70,"column":4},"end":{"line":72,"column":5}},"type":"if","locations":[{"start":{"line":70,"column":4},"end":{"line":72,"column":5}}]},"6":{"loc":{"start":{"line":84,"column":22},"end":{"line":84,"column":52}},"type":"binary-expr","locations":[{"start":{"line":84,"column":22},"end":{"line":84,"column":46}},{"start":{"line":84,"column":50},"end":{"line":84,"column":52}}]},"7":{"loc":{"start":{"line":85,"column":21},"end":{"line":85,"column":50}},"type":"binary-expr","locations":[{"start":{"line":85,"column":21},"end":{"line":85,"column":44}},{"start":{"line":85,"column":48},"end":{"line":85,"column":50}}]},"8":{"loc":{"start":{"line":86,"column":18},"end":{"line":86,"column":50}},"type":"binary-expr","locations":[{"start":{"line":86,"column":18},"end":{"line":86,"column":38}},{"start":{"line":86,"column":42},"end":{"line":86,"column":50}}]},"9":{"loc":{"start":{"line":88,"column":15},"end":{"line":88,"column":43}},"type":"binary-expr","locations":[{"start":{"line":88,"column":15},"end":{"line":88,"column":37}},{"start":{"line":88,"column":41},"end":{"line":88,"column":43}}]},"10":{"loc":{"start":{"line":89,"column":16},"end":{"line":89,"column":45}},"type":"binary-expr","locations":[{"start":{"line":89,"column":16},"end":{"line":89,"column":39}},{"start":{"line":89,"column":43},"end":{"line":89,"column":45}}]}},"s":{"0":1,"1":1,"2":1,"3":18,"4":112,"5":112,"6":112,"7":112,"8":2128,"9":2128,"10":2128,"11":1792,"12":1792,"13":6944,"14":5936,"15":5936,"16":5936,"17":5040,"18":0,"19":112,"20":2,"21":2,"22":1,"23":1,"24":1,"25":45,"26":0,"27":0,"28":5937,"29":5937,"30":5937,"31":0,"32":0,"33":5937,"34":5937,"35":896,"36":5041,"37":5041,"38":5041,"39":5041,"40":5041,"41":0,"42":0,"43":0,"44":1},"f":{"0":112,"1":2,"2":45,"3":5937,"4":5937,"5":0},"b":{"0":[1792],"1":[5936],"2":[5040],"3":[1],"4":[1,1],"5":[896],"6":[5041,1232],"7":[5041,112],"8":[5041,1120],"9":[5041,336],"10":[5041,336]}}
}
