TN:
SF:src/agent-manager.ts
FN:21,(anonymous_0)
FN:26,(anonymous_1)
FN:37,(anonymous_2)
FN:48,(anonymous_3)
FN:68,(anonymous_4)
FN:79,(anonymous_5)
FN:89,(anonymous_6)
FN:111,(anonymous_7)
FN:113,(anonymous_8)
FN:121,(anonymous_9)
FN:126,(anonymous_10)
FN:137,(anonymous_11)
FN:165,(anonymous_12)
FN:174,(anonymous_13)
FN:178,(anonymous_14)
FN:182,(anonymous_15)
FN:204,(anonymous_16)
FN:220,(anonymous_17)
FN:222,(anonymous_18)
FN:238,(anonymous_19)
FN:246,(anonymous_20)
FN:250,(anonymous_21)
FN:259,(anonymous_22)
FN:261,(anonymous_23)
FN:265,(anonymous_24)
FN:274,(anonymous_25)
FN:287,(anonymous_26)
FN:291,(anonymous_27)
FN:292,(anonymous_28)
FN:303,(anonymous_29)
FN:315,(anonymous_30)
FN:319,(anonymous_31)
FNF:32
FNH:31
FNDA:18,(anonymous_0)
FNDA:114,(anonymous_1)
FNDA:4995,(anonymous_2)
FNDA:1,(anonymous_3)
FNDA:1,(anonymous_4)
FNDA:45,(anonymous_5)
FNDA:45,(anonymous_6)
FNDA:1,(anonymous_7)
FNDA:1,(anonymous_8)
FNDA:1,(anonymous_9)
FNDA:3,(anonymous_10)
FNDA:109,(anonymous_11)
FNDA:1,(anonymous_12)
FNDA:2,(anonymous_13)
FNDA:2,(anonymous_14)
FNDA:2,(anonymous_15)
FNDA:1,(anonymous_16)
FNDA:2,(anonymous_17)
FNDA:16,(anonymous_18)
FNDA:1,(anonymous_19)
FNDA:1,(anonymous_20)
FNDA:1,(anonymous_21)
FNDA:1,(anonymous_22)
FNDA:1,(anonymous_23)
FNDA:1,(anonymous_24)
FNDA:3,(anonymous_25)
FNDA:2,(anonymous_26)
FNDA:90,(anonymous_27)
FNDA:364,(anonymous_28)
FNDA:1,(anonymous_29)
FNDA:1,(anonymous_30)
FNDA:0,(anonymous_31)
DA:7,1
DA:8,1
DA:10,1
DA:12,1
DA:13,18
DA:14,18
DA:15,18
DA:16,18
DA:17,18
DA:18,18
DA:19,18
DA:22,18
DA:23,18
DA:28,114
DA:29,3
DA:32,111
DA:33,111
DA:34,111
DA:37,111
DA:38,4995
DA:41,111
DA:43,0
DA:44,0
DA:49,1
DA:50,1
DA:51,1
DA:52,1
DA:53,1
DA:56,0
DA:57,0
DA:58,0
DA:61,0
DA:63,0
DA:64,0
DA:69,1
DA:79,1
DA:80,45
DA:81,45
DA:82,45
DA:86,1
DA:90,45
DA:91,5
DA:93,40
DA:94,15
DA:96,25
DA:97,6
DA:99,19
DA:100,4
DA:102,15
DA:103,2
DA:105,13
DA:106,2
DA:108,11
DA:112,1
DA:115,1
DA:116,1
DA:122,1
DA:123,1
DA:127,3
DA:139,109
DA:140,109
DA:141,1
DA:145,108
DA:146,108
DA:147,108
DA:148,0
DA:151,108
DA:161,108
DA:162,108
DA:166,1
DA:167,1
DA:168,1
DA:171,0
DA:175,2
DA:179,2
DA:183,2
DA:184,2
DA:185,2
DA:186,0
DA:189,2
DA:190,2
DA:191,0
DA:194,2
DA:195,1
DA:197,1
DA:205,1
DA:206,1
DA:208,1
DA:209,1
DA:211,1
DA:217,1
DA:218,1
DA:220,1
DA:221,2
DA:222,2
DA:223,16
DA:224,0
DA:225,0
DA:226,0
DA:227,0
DA:230,16
DA:235,1
DA:239,1
DA:240,1
DA:247,1
DA:251,1
DA:260,1
DA:261,1
DA:266,1
DA:272,1
DA:274,1
DA:275,3
DA:276,3
DA:277,3
DA:278,3
DA:281,1
DA:282,1
DA:284,1
DA:288,2
DA:289,2
DA:291,2
DA:292,364
DA:295,2
DA:304,1
DA:305,0
DA:316,1
DA:320,0
LF:127
LH:109
BRDA:28,0,0,3
BRDA:51,1,0,1
BRDA:56,2,0,0
BRDA:81,3,0,45
BRDA:90,4,0,5
BRDA:93,5,0,15
BRDA:93,6,0,40
BRDA:93,6,1,32
BRDA:96,7,0,6
BRDA:96,8,0,25
BRDA:96,8,1,23
BRDA:99,9,0,4
BRDA:99,10,0,19
BRDA:99,10,1,18
BRDA:99,10,2,16
BRDA:102,11,0,2
BRDA:102,12,0,15
BRDA:102,12,1,15
BRDA:102,12,2,14
BRDA:105,13,0,2
BRDA:105,14,0,13
BRDA:105,14,1,11
BRDA:123,15,0,1
BRDA:123,15,1,1
BRDA:140,16,0,1
BRDA:147,17,0,0
BRDA:167,18,0,1
BRDA:185,19,0,0
BRDA:190,20,0,0
BRDA:190,21,0,2
BRDA:190,21,1,2
BRDA:206,22,0,0
BRDA:209,23,0,0
BRDA:209,24,0,1
BRDA:209,24,1,1
BRDA:212,25,0,1
BRDA:212,25,1,0
BRDA:213,26,0,1
BRDA:213,26,1,0
BRDA:223,27,0,0
BRDA:223,27,1,16
BRDA:225,28,0,0
BRDA:225,29,0,0
BRDA:225,29,1,0
BRDA:240,30,0,0
BRDA:247,31,0,1
BRDA:247,31,1,0
BRDA:261,32,0,1
BRDA:261,32,1,0
BRDA:275,33,0,3
BRDA:275,33,1,1
BRDA:304,34,0,0
BRF:52
BRH:36
end_of_record
TN:
SF:src/agent-validator.ts
FN:6,(anonymous_0)
FN:51,(anonymous_1)
FN:72,(anonymous_2)
FN:76,(anonymous_3)
FN:82,(anonymous_4)
FN:88,(anonymous_5)
FN:98,(anonymous_6)
FN:107,(anonymous_7)
FNF:8
FNH:3
FNDA:3,(anonymous_0)
FNDA:1,(anonymous_1)
FNDA:1,(anonymous_2)
FNDA:0,(anonymous_3)
FNDA:0,(anonymous_4)
FNDA:0,(anonymous_5)
FNDA:0,(anonymous_6)
FNDA:0,(anonymous_7)
DA:3,1
DA:4,19
DA:7,3
DA:10,3
DA:11,0
DA:14,3
DA:15,2
DA:18,3
DA:19,2
DA:22,3
DA:23,2
DA:27,3
DA:28,0
DA:31,3
DA:32,0
DA:36,3
DA:37,1
DA:38,0
DA:40,1
DA:41,0
DA:43,1
DA:44,0
DA:50,3
DA:51,1
DA:52,1
DA:53,0
DA:59,3
DA:64,3
DA:66,0
DA:69,3
DA:73,1
DA:78,0
DA:79,0
DA:84,0
DA:85,0
DA:89,0
DA:92,0
DA:98,0
DA:99,0
DA:100,0
DA:105,0
DA:106,0
DA:107,0
DA:108,0
DA:109,0
DA:110,0
DA:115,0
LF:47
LH:23
BRDA:10,0,0,0
BRDA:14,1,0,2
BRDA:18,2,0,2
BRDA:18,3,0,3
BRDA:18,3,1,1
BRDA:22,4,0,2
BRDA:27,5,0,0
BRDA:27,6,0,3
BRDA:27,6,1,3
BRDA:31,7,0,0
BRDA:31,8,0,3
BRDA:31,8,1,1
BRDA:36,9,0,1
BRDA:37,10,0,0
BRDA:37,10,1,1
BRDA:40,11,0,0
BRDA:40,12,0,1
BRDA:40,12,1,1
BRDA:43,13,0,0
BRDA:43,14,0,1
BRDA:43,14,1,1
BRDA:50,15,0,1
BRDA:50,16,0,3
BRDA:50,16,1,1
BRDA:52,17,0,0
BRDA:64,18,0,0
BRDA:64,19,0,3
BRDA:64,19,1,1
BRDA:99,20,0,0
BRDA:106,21,0,0
BRDA:109,22,0,0
BRDA:109,23,0,0
BRDA:109,23,1,0
BRF:33
BRH:20
end_of_record
TN:
SF:src/local-agent-loader.ts
FN:10,(anonymous_1)
FN:41,(anonymous_2)
FN:50,(anonymous_3)
FN:57,(anonymous_4)
FN:67,(anonymous_5)
FN:104,(anonymous_6)
FNF:6
FNH:5
FNDA:112,(anonymous_1)
FNDA:2,(anonymous_2)
FNDA:45,(anonymous_3)
FNDA:5937,(anonymous_4)
FNDA:5937,(anonymous_5)
FNDA:0,(anonymous_6)
DA:2,1
DA:3,1
DA:4,1
DA:7,1
DA:8,18
DA:11,112
DA:13,112
DA:14,112
DA:16,112
DA:17,2128
DA:18,2128
DA:20,2128
DA:21,1792
DA:23,1792
DA:24,6944
DA:25,5936
DA:26,5936
DA:27,5936
DA:28,5040
DA:35,0
DA:38,112
DA:42,2
DA:44,2
DA:45,1
DA:49,1
DA:50,45
DA:52,0
DA:53,0
DA:58,5937
DA:59,5937
DA:60,5937
DA:62,0
DA:63,0
DA:69,5937
DA:70,5937
DA:71,896
DA:74,5041
DA:75,5041
DA:76,5041
DA:79,5041
DA:81,5041
DA:99,0
DA:100,0
DA:105,0
LF:44
LH:36
BRDA:20,0,0,1792
BRDA:24,1,0,5936
BRDA:27,2,0,5040
BRDA:44,3,0,1
BRDA:50,4,0,1
BRDA:50,4,1,1
BRDA:70,5,0,896
BRDA:84,6,0,5041
BRDA:84,6,1,1232
BRDA:85,7,0,5041
BRDA:85,7,1,112
BRDA:86,8,0,5041
BRDA:86,8,1,1120
BRDA:88,9,0,5041
BRDA:88,9,1,336
BRDA:89,10,0,5041
BRDA:89,10,1,336
BRF:17
BRH:17
end_of_record
